Arguments: 
  C:\Program Files\nodejs\node.exe C:\Users\Na\AppData\Roaming\npm\node_modules\yarn\bin\yarn.js add —-dev typescript

PATH: 
  C:\Program Files (x86)\Common Files\Oracle\Java\javapath;C:\Windows\system32;C:\Windows;C:\Windows\System32\Wbem;C:\Windows\System32\WindowsPowerShell\v1.0\;C:\Windows\System32\OpenSSH\;C:\Program Files\NVIDIA Corporation\NVIDIA NvDLISR;C:\Program Files (x86)\NVIDIA Corporation\PhysX\Common;C:\Program Files\Bandizip\;C:\Program Files\dotnet\;C:\Program Files\Git\cmd;C:\opencv\build\x64\vc15\bin;C:\Program Files\nodejs\;C:\Program Files\Docker\Docker\resources\bin;C:\ProgramData\DockerDesktop\version-bin;C:\Program Files\Java\jdk1.8.0_341\bin;C:\Users\Na\AppData\Local\Programs\Python\Python310\Scripts\;C:\Users\Na\AppData\Local\Programs\Python\Python310\;C:\Program Files\MySQL\MySQL Shell 8.0\bin\;C:\Ruby26-x64\bin;C:\Users\Na\AppData\Local\Microsoft\WindowsApps;C:\Users\Na\AppData\Local\Programs\Microsoft VS Code\bin;C:\Program files\mongodb\server\5.0\bin;C:\Program files\mongodb\server\5.0;C:\Users\Na\AppData\Local\atom\bin;C:\Users\Na\AppData\Local\Programs\mongosh\;C:\Users\Na\AppData\Roaming\npm;C:\Users\Na\AppData\Local\gitkraken\bin;C:\Users\Na\AppData\Local\GitHubDesktop\bin;C:\Users\Na\AppData\Local\Coursier\data\bin

Yarn version: 
  1.22.19

Node version: 
  16.15.1

Platform: 
  win32 x64

Trace: 
  TypeError [ERR_UNESCAPED_CHARACTERS]: https://registry.yarnpkg.com/—-dev: Request path contains unescaped characters
      at new NodeError (node:internal/errors:372:5)
      at new ClientRequest (node:_http_client:160:13)
      at Object.request (node:https:353:10)
      at Request.module.exports.Request.start (C:\Users\Na\AppData\Roaming\npm\node_modules\yarn\lib\cli.js:141452:32)
      at Request.module.exports.Request.end (C:\Users\Na\AppData\Roaming\npm\node_modules\yarn\lib\cli.js:142211:10)
      at end (C:\Users\Na\AppData\Roaming\npm\node_modules\yarn\lib\cli.js:141265:14)
      at Immediate.<anonymous> (C:\Users\Na\AppData\Roaming\npm\node_modules\yarn\lib\cli.js:141279:7)
      at processImmediate (node:internal/timers:466:21)

npm manifest: 
  No manifest

yarn manifest: 
  No manifest

Lockfile: 
  No lockfile
